[debug] [2023-04-11T15:34:23.813Z] ----------------------------------------------------------------------
[debug] [2023-04-11T15:34:23.818Z] Command:       C:\Program Files\nodejs\node.exe C:\Users\mathe\AppData\Roaming\npm\node_modules\firebase-tools\lib\bin\firebase.js init
[debug] [2023-04-11T15:34:23.820Z] CLI Version:   11.25.3
[debug] [2023-04-11T15:34:23.820Z] Platform:      win32
[debug] [2023-04-11T15:34:23.820Z] Node Version:  v18.15.0
[debug] [2023-04-11T15:34:23.822Z] Time:          Tue Apr 11 2023 12:34:23 GMT-0300 (Horário Padrão de Brasília)
[debug] [2023-04-11T15:34:23.822Z] ----------------------------------------------------------------------
[debug] 
[debug] [2023-04-11T15:34:23.836Z] > command requires scopes: ["email","openid","https://www.googleapis.com/auth/cloudplatformprojects.readonly","https://www.googleapis.com/auth/firebase","https://www.googleapis.com/auth/cloud-platform"]
[debug] [2023-04-11T15:34:23.837Z] > authorizing via signed-in user (matheusaraujo8892@gmail.com)
[info] 
     ######## #### ########  ######## ########     ###     ######  ########
     ##        ##  ##     ## ##       ##     ##  ##   ##  ##       ##
     ######    ##  ########  ######   ########  #########  ######  ######
     ##        ##  ##    ##  ##       ##     ## ##     ##       ## ##
     ##       #### ##     ## ######## ########  ##     ##  ######  ########

You're about to initialize a Firebase project in this directory:

  C:\Users\mathe\Desktop\formulario

[info] 
=== Project Setup
[info] 
[info] First, let's associate this project directory with a Firebase project.
[info] You can create multiple project aliases by running firebase use --add, 
[info] but for now we'll just set up a default project.
[info] 
[debug] [2023-04-11T15:34:30.643Z] >>> [apiv2][query] GET https://firebase.googleapis.com/v1beta1/projects pageSize=100
[debug] [2023-04-11T15:34:31.401Z] <<< [apiv2][status] GET https://firebase.googleapis.com/v1beta1/projects 200
[debug] [2023-04-11T15:34:31.401Z] <<< [apiv2][body] GET https://firebase.googleapis.com/v1beta1/projects [omitted]
[info] i  Using project meuapp-nascx (meuapp-nascx) 
[info] 
=== Database Setup
[info] i  database: ensuring required API firebasedatabase.googleapis.com is enabled... 
[debug] [2023-04-11T15:34:34.723Z] >>> [apiv2][query] GET https://serviceusage.googleapis.com/v1/projects/meuapp-nascx/services/firebasedatabase.googleapis.com [none]
[debug] [2023-04-11T15:34:34.723Z] >>> [apiv2][(partial)header] GET https://serviceusage.googleapis.com/v1/projects/meuapp-nascx/services/firebasedatabase.googleapis.com x-goog-quota-user=projects/meuapp-nascx
[debug] [2023-04-11T15:34:35.827Z] <<< [apiv2][status] GET https://serviceusage.googleapis.com/v1/projects/meuapp-nascx/services/firebasedatabase.googleapis.com 200
[debug] [2023-04-11T15:34:35.827Z] <<< [apiv2][body] GET https://serviceusage.googleapis.com/v1/projects/meuapp-nascx/services/firebasedatabase.googleapis.com [omitted]
[info] +  database: required API firebasedatabase.googleapis.com is enabled 
[info] 
[debug] [2023-04-11T15:34:35.829Z] >>> [apiv2][query] GET https://firebasedatabase.googleapis.com/v1beta/projects/meuapp-nascx/locations/-/instances/meuapp-nascx-default-rtdb [none]
[debug] [2023-04-11T15:34:36.257Z] <<< [apiv2][status] GET https://firebasedatabase.googleapis.com/v1beta/projects/meuapp-nascx/locations/-/instances/meuapp-nascx-default-rtdb 200
[debug] [2023-04-11T15:34:36.257Z] <<< [apiv2][body] GET https://firebasedatabase.googleapis.com/v1beta/projects/meuapp-nascx/locations/-/instances/meuapp-nascx-default-rtdb {"name":"projects/491468246763/locations/us-central1/instances/meuapp-nascx-default-rtdb","project":"projects/491468246763","databaseUrl":"https://meuapp-nascx-default-rtdb.firebaseio.com","type":"DEFAULT_DATABASE","state":"ACTIVE"}
[info] 
[info] Firebase Realtime Database Security Rules allow you to define how your data should be
[info] structured and when your data can be read from and written to.
[info] 
[debug] [2023-04-11T15:34:41.741Z] >>> [apiv2][query] GET https://meuapp-nascx-default-rtdb.firebaseio.com/.settings/rules.json [none]
[debug] [2023-04-11T15:34:42.235Z] <<< [apiv2][status] GET https://meuapp-nascx-default-rtdb.firebaseio.com/.settings/rules.json 200
[debug] [2023-04-11T15:34:42.236Z] <<< [apiv2][body] GET https://meuapp-nascx-default-rtdb.firebaseio.com/.settings/rules.json [stream]
[info] +  Database Rules for meuapp-nascx-default-rtdb have been written to database.rules.json. 
[info] Future modifications to database.rules.json will update Realtime Database Security Rules when you run
[info] firebase deploy.
[info] 
=== Firestore Setup
[debug] [2023-04-11T15:34:42.242Z] >>> [apiv2][query] GET https://serviceusage.googleapis.com/v1/projects/meuapp-nascx/services/firestore.googleapis.com [none]
[debug] [2023-04-11T15:34:42.242Z] >>> [apiv2][(partial)header] GET https://serviceusage.googleapis.com/v1/projects/meuapp-nascx/services/firestore.googleapis.com x-goog-quota-user=projects/meuapp-nascx
[debug] [2023-04-11T15:34:43.292Z] <<< [apiv2][status] GET https://serviceusage.googleapis.com/v1/projects/meuapp-nascx/services/firestore.googleapis.com 200
[debug] [2023-04-11T15:34:43.292Z] <<< [apiv2][body] GET https://serviceusage.googleapis.com/v1/projects/meuapp-nascx/services/firestore.googleapis.com [omitted]
[debug] [2023-04-11T15:34:43.293Z] >>> [apiv2][query] GET https://firestore.googleapis.com/v1/projects/meuapp-nascx/databases/(default) [none]
[debug] [2023-04-11T15:34:44.380Z] <<< [apiv2][status] GET https://firestore.googleapis.com/v1/projects/meuapp-nascx/databases/(default) 200
[debug] [2023-04-11T15:34:44.380Z] <<< [apiv2][body] GET https://firestore.googleapis.com/v1/projects/meuapp-nascx/databases/(default) {"name":"projects/meuapp-nascx/databases/(default)","uid":"656fbd41-777c-4cfa-be00-2b51fd3c6eda","createTime":"2023-04-03T22:44:20.983837Z","updateTime":"2023-04-03T22:44:20.983837Z","locationId":"nam5","type":"FIRESTORE_NATIVE","concurrencyMode":"PESSIMISTIC","appEngineIntegrationMode":"DISABLED","keyPrefix":"s","deleteProtectionState":"DELETE_PROTECTION_DISABLED","etag":"IO+5hNmTov4CMOL18ozljv4C"}
[debug] [2023-04-11T15:34:44.380Z] database_type: FIRESTORE_NATIVE
[debug] [2023-04-11T15:34:44.380Z] > command requires scopes: ["email","openid","https://www.googleapis.com/auth/cloudplatformprojects.readonly","https://www.googleapis.com/auth/firebase","https://www.googleapis.com/auth/cloud-platform"]
[debug] [2023-04-11T15:34:44.381Z] > authorizing via signed-in user (matheusaraujo8892@gmail.com)
[debug] [2023-04-11T15:34:44.381Z] [iam] checking project meuapp-nascx for permissions ["firebase.projects.get"]
[debug] [2023-04-11T15:34:44.382Z] >>> [apiv2][query] POST https://cloudresourcemanager.googleapis.com/v1/projects/meuapp-nascx:testIamPermissions [none]
[debug] [2023-04-11T15:34:44.383Z] >>> [apiv2][(partial)header] POST https://cloudresourcemanager.googleapis.com/v1/projects/meuapp-nascx:testIamPermissions x-goog-quota-user=projects/meuapp-nascx
[debug] [2023-04-11T15:34:44.383Z] >>> [apiv2][body] POST https://cloudresourcemanager.googleapis.com/v1/projects/meuapp-nascx:testIamPermissions {"permissions":["firebase.projects.get"]}
[debug] [2023-04-11T15:34:45.321Z] <<< [apiv2][status] POST https://cloudresourcemanager.googleapis.com/v1/projects/meuapp-nascx:testIamPermissions 200
[debug] [2023-04-11T15:34:45.321Z] <<< [apiv2][body] POST https://cloudresourcemanager.googleapis.com/v1/projects/meuapp-nascx:testIamPermissions {"permissions":["firebase.projects.get"]}
[info] 
[info] Firestore Security Rules allow you to define how and when to allow
[info] requests. You can keep these rules in your project directory
[info] and publish them with firebase deploy.
[info] 
[debug] [2023-04-11T15:35:14.542Z] >>> [apiv2][query] GET https://firebaserules.googleapis.com/v1/projects/meuapp-nascx/releases pageSize=10&pageToken=
[debug] [2023-04-11T15:35:15.712Z] <<< [apiv2][status] GET https://firebaserules.googleapis.com/v1/projects/meuapp-nascx/releases 200
[debug] [2023-04-11T15:35:15.713Z] <<< [apiv2][body] GET https://firebaserules.googleapis.com/v1/projects/meuapp-nascx/releases {"releases":[{"name":"projects/meuapp-nascx/releases/cloud.firestore","rulesetName":"projects/meuapp-nascx/rulesets/2476bb57-5d20-4ee2-b874-735047b264bb","createTime":"2023-04-03T22:44:28.465755Z","updateTime":"2023-04-03T22:44:28.465755Z"},{"name":"projects/meuapp-nascx/releases/firebase.storage/meuapp-nascx.appspot.com","rulesetName":"projects/meuapp-nascx/rulesets/c26004ec-51d1-4711-89ed-24b5a875c616","createTime":"2023-04-03T23:05:54.337627Z","updateTime":"2023-04-03T23:05:54.337627Z"}]}
[debug] [2023-04-11T15:35:15.713Z] Found ruleset: projects/meuapp-nascx/rulesets/2476bb57-5d20-4ee2-b874-735047b264bb
[debug] [2023-04-11T15:35:15.713Z] >>> [apiv2][query] GET https://firebaserules.googleapis.com/v1/projects/meuapp-nascx/rulesets/2476bb57-5d20-4ee2-b874-735047b264bb [none]
[debug] [2023-04-11T15:35:16.760Z] <<< [apiv2][status] GET https://firebaserules.googleapis.com/v1/projects/meuapp-nascx/rulesets/2476bb57-5d20-4ee2-b874-735047b264bb 200
[debug] [2023-04-11T15:35:16.760Z] <<< [apiv2][body] GET https://firebaserules.googleapis.com/v1/projects/meuapp-nascx/rulesets/2476bb57-5d20-4ee2-b874-735047b264bb [omitted]
[info] 
[info] Firestore indexes allow you to perform complex queries while
[info] maintaining performance that scales with the size of the result
[info] set. You can keep index definitions in your project directory
[info] and publish them with firebase deploy.
[info] 
[debug] [2023-04-11T15:35:16.775Z] >>> [apiv2][query] GET https://firestore.googleapis.com/v1/projects/meuapp-nascx/databases/(default)/collectionGroups/-/indexes [none]
[debug] [2023-04-11T15:35:16.781Z] >>> [apiv2][query] GET https://firestore.googleapis.com/v1/projects/meuapp-nascx/databases/(default)/collectionGroups/-/fields?filter=indexConfig.usesAncestorConfig=false OR ttlConfig:* [none]
[debug] [2023-04-11T15:35:17.763Z] <<< [apiv2][status] GET https://firestore.googleapis.com/v1/projects/meuapp-nascx/databases/(default)/collectionGroups/-/fields?filter=indexConfig.usesAncestorConfig=false OR ttlConfig:* 200
[debug] [2023-04-11T15:35:17.764Z] <<< [apiv2][body] GET https://firestore.googleapis.com/v1/projects/meuapp-nascx/databases/(default)/collectionGroups/-/fields?filter=indexConfig.usesAncestorConfig=false OR ttlConfig:* {"fields":[{"name":"projects/meuapp-nascx/databases/(default)/collectionGroups/__default__/fields/*","indexConfig":{"indexes":[{"queryScope":"COLLECTION","fields":[{"fieldPath":"*","order":"ASCENDING"}],"state":"READY"},{"queryScope":"COLLECTION","fields":[{"fieldPath":"*","order":"DESCENDING"}],"state":"READY"},{"queryScope":"COLLECTION","fields":[{"fieldPath":"*","arrayConfig":"CONTAINS"}],"state":"READY"}]}}]}
[debug] [2023-04-11T15:35:17.769Z] <<< [apiv2][status] GET https://firestore.googleapis.com/v1/projects/meuapp-nascx/databases/(default)/collectionGroups/-/indexes 200
[debug] [2023-04-11T15:35:17.769Z] <<< [apiv2][body] GET https://firestore.googleapis.com/v1/projects/meuapp-nascx/databases/(default)/collectionGroups/-/indexes {}
[info] 
=== Functions Setup
[debug] [2023-04-11T15:35:17.772Z] > command requires scopes: ["email","openid","https://www.googleapis.com/auth/cloudplatformprojects.readonly","https://www.googleapis.com/auth/firebase","https://www.googleapis.com/auth/cloud-platform"]
[debug] [2023-04-11T15:35:17.773Z] > authorizing via signed-in user (matheusaraujo8892@gmail.com)
[debug] [2023-04-11T15:35:17.773Z] [iam] checking project meuapp-nascx for permissions ["firebase.projects.get"]
[debug] [2023-04-11T15:35:17.773Z] >>> [apiv2][query] POST https://cloudresourcemanager.googleapis.com/v1/projects/meuapp-nascx:testIamPermissions [none]
[debug] [2023-04-11T15:35:17.773Z] >>> [apiv2][(partial)header] POST https://cloudresourcemanager.googleapis.com/v1/projects/meuapp-nascx:testIamPermissions x-goog-quota-user=projects/meuapp-nascx
[debug] [2023-04-11T15:35:17.774Z] >>> [apiv2][body] POST https://cloudresourcemanager.googleapis.com/v1/projects/meuapp-nascx:testIamPermissions {"permissions":["firebase.projects.get"]}
[debug] [2023-04-11T15:35:18.608Z] <<< [apiv2][status] POST https://cloudresourcemanager.googleapis.com/v1/projects/meuapp-nascx:testIamPermissions 200
[debug] [2023-04-11T15:35:18.608Z] <<< [apiv2][body] POST https://cloudresourcemanager.googleapis.com/v1/projects/meuapp-nascx:testIamPermissions {"permissions":["firebase.projects.get"]}
[debug] [2023-04-11T15:35:18.609Z] >>> [apiv2][query] GET https://serviceusage.googleapis.com/v1/projects/meuapp-nascx/services/cloudfunctions.googleapis.com [none]
[debug] [2023-04-11T15:35:18.609Z] >>> [apiv2][(partial)header] GET https://serviceusage.googleapis.com/v1/projects/meuapp-nascx/services/cloudfunctions.googleapis.com x-goog-quota-user=projects/meuapp-nascx
[debug] [2023-04-11T15:35:18.615Z] >>> [apiv2][query] GET https://serviceusage.googleapis.com/v1/projects/meuapp-nascx/services/runtimeconfig.googleapis.com [none]
[debug] [2023-04-11T15:35:18.615Z] >>> [apiv2][(partial)header] GET https://serviceusage.googleapis.com/v1/projects/meuapp-nascx/services/runtimeconfig.googleapis.com x-goog-quota-user=projects/meuapp-nascx
[debug] [2023-04-11T15:35:19.675Z] <<< [apiv2][status] GET https://serviceusage.googleapis.com/v1/projects/meuapp-nascx/services/runtimeconfig.googleapis.com 200
[debug] [2023-04-11T15:35:19.675Z] <<< [apiv2][body] GET https://serviceusage.googleapis.com/v1/projects/meuapp-nascx/services/runtimeconfig.googleapis.com [omitted]
[debug] [2023-04-11T15:35:19.681Z] <<< [apiv2][status] GET https://serviceusage.googleapis.com/v1/projects/meuapp-nascx/services/cloudfunctions.googleapis.com 200
[debug] [2023-04-11T15:35:19.681Z] <<< [apiv2][body] GET https://serviceusage.googleapis.com/v1/projects/meuapp-nascx/services/cloudfunctions.googleapis.com [omitted]
[debug] [2023-04-11T15:35:19.682Z] >>> [apiv2][query] POST https://serviceusage.googleapis.com/v1/projects/meuapp-nascx/services/cloudfunctions.googleapis.com:enable [none]
[debug] [2023-04-11T15:35:19.682Z] >>> [apiv2][(partial)header] POST https://serviceusage.googleapis.com/v1/projects/meuapp-nascx/services/cloudfunctions.googleapis.com:enable x-goog-quota-user=projects/meuapp-nascx
[debug] [2023-04-11T15:35:21.516Z] <<< [apiv2][status] POST https://serviceusage.googleapis.com/v1/projects/meuapp-nascx/services/cloudfunctions.googleapis.com:enable 200
[debug] [2023-04-11T15:35:21.516Z] <<< [apiv2][body] POST https://serviceusage.googleapis.com/v1/projects/meuapp-nascx/services/cloudfunctions.googleapis.com:enable [omitted]
[debug] [2023-04-11T15:35:31.528Z] >>> [apiv2][query] GET https://serviceusage.googleapis.com/v1/projects/meuapp-nascx/services/cloudfunctions.googleapis.com [none]
[debug] [2023-04-11T15:35:31.528Z] >>> [apiv2][(partial)header] GET https://serviceusage.googleapis.com/v1/projects/meuapp-nascx/services/cloudfunctions.googleapis.com x-goog-quota-user=projects/meuapp-nascx
[debug] [2023-04-11T15:35:32.614Z] <<< [apiv2][status] GET https://serviceusage.googleapis.com/v1/projects/meuapp-nascx/services/cloudfunctions.googleapis.com 200
[debug] [2023-04-11T15:35:32.614Z] <<< [apiv2][body] GET https://serviceusage.googleapis.com/v1/projects/meuapp-nascx/services/cloudfunctions.googleapis.com [omitted]
[info] Let's create a new codebase for your functions.
[info] A directory corresponding to the codebase will be created in your project
[info] with sample code pre-configured.

[info] See https://firebase.google.com/docs/functions/organize-functions for
[info] more information on organizing your functions using codebases.

[info] Functions can be deployed with firebase deploy.

[info] +  Wrote functions/package.json 
[info] +  Wrote functions/.eslintrc.js 
[info] +  Wrote functions/index.js 
[info] +  Wrote functions/.gitignore 
[info] 
=== Hosting Setup
[info] 
[info] Your public directory is the folder (relative to your project directory) that
[info] will contain Hosting assets to be uploaded with firebase deploy. If you
[info] have a build process for your assets, use your build's output directory.
[info] 
[debug] [2023-04-11T15:38:43.871Z] >>> [apiv2][query] GET https://www.gstatic.com/firebasejs/releases.json [none]
[debug] [2023-04-11T15:38:43.986Z] <<< [apiv2][status] GET https://www.gstatic.com/firebasejs/releases.json 200
[debug] [2023-04-11T15:38:43.986Z] <<< [apiv2][body] GET https://www.gstatic.com/firebasejs/releases.json {"current":{"version":"9.19.1","browserURL":"https://www.gstatic.com/firebasejs/9.19.1/firebase.js","packageURL":"https://www.gstatic.com/firebasejs/9.19.1/firebase.tgz"},"live":{"version":"9.19","browserURL":"https://www.gstatic.com/firebasejs/live/9.19/firebase.js","packageURL":"https://www.gstatic.com/firebasejs/live/9.19/firebase.tgz"},"components":{"analytics":"https://www.gstatic.com/firebasejs/9.19.1/firebase-analytics.js","app":"https://www.gstatic.com/firebasejs/9.19.1/firebase-app.js","app-check":"https://www.gstatic.com/firebasejs/9.19.1/firebase-app-check.js","auth":"https://www.gstatic.com/firebasejs/9.19.1/firebase-auth.js","auth/cordova":"https://www.gstatic.com/firebasejs/9.19.1/firebase-auth/cordova.js","auth/react-native":"https://www.gstatic.com/firebasejs/9.19.1/firebase-auth/react-native.js","functions":"https://www.gstatic.com/firebasejs/9.19.1/firebase-functions.js","firestore":"https://www.gstatic.com/firebasejs/9.19.1/firebase-firestore.js","firestore/lite":"https://www.gstatic.com/firebasejs/9.19.1/firebase-firestore/lite.js","installations":"https://www.gstatic.com/firebasejs/9.19.1/firebase-installations.js","storage":"https://www.gstatic.com/firebasejs/9.19.1/firebase-storage.js","performance":"https://www.gstatic.com/firebasejs/9.19.1/firebase-performance.js","remote-config":"https://www.gstatic.com/firebasejs/9.19.1/firebase-remote-config.js","messaging":"https://www.gstatic.com/firebasejs/9.19.1/firebase-messaging.js","messaging/sw":"https://www.gstatic.com/firebasejs/9.19.1/firebase-messaging/sw.js","database":"https://www.gstatic.com/firebasejs/9.19.1/firebase-database.js","firestore.memory":"https://www.gstatic.com/firebasejs/9.19.1/firebase-firestore.memory.js"}}
[info] +  Wrote public/index.html 
[info] 
[info] i  Didn't detect a .git folder. Assuming C:\Users\mathe\Desktop\formulario is the project root. 
[info] i  Authorizing with GitHub to upload your service account to a GitHub repository's secrets store. 
[info] 
[info] Visit this URL on this device to log in:
[info] https://github.com/login/oauth/authorize?client_id=89cf50f02ac6aaed3484&state=1039333033&redirect_uri=http%3A%2F%2Flocalhost%3A9005&scope=read%3Auser%20repo%20public_repo
[info] 
[info] Waiting for authentication...
[debug] [2023-04-11T15:39:06.565Z] >>> [apiv2][query] POST https://github.com/login/oauth/access_token [none]
[debug] [2023-04-11T15:39:06.566Z] >>> [apiv2][body] POST https://github.com/login/oauth/access_token [stream]
[debug] [2023-04-11T15:39:06.862Z] <<< [apiv2][status] POST https://github.com/login/oauth/access_token 200
[debug] [2023-04-11T15:39:06.862Z] <<< [apiv2][body] POST https://github.com/login/oauth/access_token {"access_token":"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","token_type":"bearer","scope":"read:user,repo"}
[debug] [2023-04-11T15:39:06.873Z] >>> [apiv2][query] GET https://api.github.com/user [none]
[debug] [2023-04-11T15:39:07.177Z] <<< [apiv2][status] GET https://api.github.com/user 200
[debug] [2023-04-11T15:39:07.177Z] <<< [apiv2][body] GET https://api.github.com/user {"login":"progrmadorjr","id":128613829,"node_id":"U_kgDOB6p9xQ","avatar_url":"https://avatars.githubusercontent.com/u/128613829?v=4","gravatar_id":"","url":"https://api.github.com/users/progrmadorjr","html_url":"https://github.com/progrmadorjr","followers_url":"https://api.github.com/users/progrmadorjr/followers","following_url":"https://api.github.com/users/progrmadorjr/following{/other_user}","gists_url":"https://api.github.com/users/progrmadorjr/gists{/gist_id}","starred_url":"https://api.github.com/users/progrmadorjr/starred{/owner}{/repo}","subscriptions_url":"https://api.github.com/users/progrmadorjr/subscriptions","organizations_url":"https://api.github.com/users/progrmadorjr/orgs","repos_url":"https://api.github.com/users/progrmadorjr/repos","events_url":"https://api.github.com/users/progrmadorjr/events{/privacy}","received_events_url":"https://api.github.com/users/progrmadorjr/received_events","type":"User","site_admin":false,"name":"Matheus Araujo","company":null,"blog":"","location":null,"email":null,"hireable":null,"bio":null,"twitter_username":null,"public_repos":2,"public_gists":0,"followers":0,"following":1,"created_at":"2023-03-22T14:30:38Z","updated_at":"2023-04-04T15:03:53Z","private_gists":0,"total_private_repos":0,"owned_private_repos":0,"disk_usage":375,"collaborators":0,"two_factor_authentication":false,"plan":{"name":"free","space":976562499,"collaborators":0,"private_repos":10000}}
[info] 
[info] +  Success! Logged into GitHub as progrmadorjr 
[info] 
[debug] [2023-04-11T15:41:02.866Z] >>> [apiv2][query] GET https://api.github.com/repos//actions/secrets/public-key type=owner
[debug] [2023-04-11T15:41:03.082Z] <<< [apiv2][status] GET https://api.github.com/repos//actions/secrets/public-key 404
[debug] [2023-04-11T15:41:03.082Z] <<< [apiv2][body] GET https://api.github.com/repos//actions/secrets/public-key {"message":"Not Found","documentation_url":"https://docs.github.com/rest"}
[info] 
[info] 
[error] !  The provided authorization cannot be used with this repository. If this repository is in an organization, did you remember to grant access? 
[info] 
[info] i  Action required: Visit this URL to ensure access has been granted to the appropriate organization(s) for the Firebase CLI GitHub OAuth App: 
[info] https://github.com/settings/connections/applications/89cf50f02ac6aaed3484
[info] 
[debug] [2023-04-11T15:41:07.391Z] >>> [apiv2][query] GET https://api.github.com/repos//actions/secrets/public-key type=owner
[debug] [2023-04-11T15:41:07.616Z] <<< [apiv2][status] GET https://api.github.com/repos//actions/secrets/public-key 404
[debug] [2023-04-11T15:41:07.617Z] <<< [apiv2][body] GET https://api.github.com/repos//actions/secrets/public-key {"message":"Not Found","documentation_url":"https://docs.github.com/rest"}
[info] 
[info] 
[error] !  The provided authorization cannot be used with this repository. If this repository is in an organization, did you remember to grant access? 
[info] 
[info] i  Action required: Visit this URL to ensure access has been granted to the appropriate organization(s) for the Firebase CLI GitHub OAuth App: 
[info] https://github.com/settings/connections/applications/89cf50f02ac6aaed3484
[info] 
