[debug] [2023-04-10T21:59:08.425Z] ----------------------------------------------------------------------
[debug] [2023-04-10T21:59:08.430Z] Command:       C:\Program Files\nodejs\node.exe C:\Users\mathe\AppData\Roaming\npm\node_modules\firebase-tools\lib\bin\firebase.js projects:create formulario --json
[debug] [2023-04-10T21:59:08.431Z] CLI Version:   11.25.3
[debug] [2023-04-10T21:59:08.431Z] Platform:      win32
[debug] [2023-04-10T21:59:08.431Z] Node Version:  v18.15.0
[debug] [2023-04-10T21:59:08.433Z] Time:          Mon Apr 10 2023 18:59:08 GMT-0300 (Horário Padrão de Brasília)
[debug] [2023-04-10T21:59:08.433Z] ----------------------------------------------------------------------
[debug] 
[debug] [2023-04-10T21:59:08.447Z] > command requires scopes: ["email","openid","https://www.googleapis.com/auth/cloudplatformprojects.readonly","https://www.googleapis.com/auth/firebase","https://www.googleapis.com/auth/cloud-platform"]
[debug] [2023-04-10T21:59:08.449Z] > authorizing via signed-in user (matheusaraujo8892@gmail.com)
[debug] [2023-04-10T21:59:08.457Z] > refreshing access token with scopes: []
[debug] [2023-04-10T21:59:08.460Z] >>> [apiv2][query] POST https://www.googleapis.com/oauth2/v3/token [none]
[debug] [2023-04-10T21:59:08.461Z] >>> [apiv2][body] POST https://www.googleapis.com/oauth2/v3/token [omitted]
[debug] [2023-04-10T21:59:08.750Z] <<< [apiv2][status] POST https://www.googleapis.com/oauth2/v3/token 200
[debug] [2023-04-10T21:59:08.750Z] <<< [apiv2][body] POST https://www.googleapis.com/oauth2/v3/token [omitted]
[debug] [2023-04-10T21:59:08.763Z] >>> [apiv2][query] POST https://cloudresourcemanager.googleapis.com/v1/projects [none]
[debug] [2023-04-10T21:59:08.763Z] >>> [apiv2][body] POST https://cloudresourcemanager.googleapis.com/v1/projects {"projectId":"formulario","name":"formulario"}
[debug] [2023-04-10T21:59:09.748Z] <<< [apiv2][status] POST https://cloudresourcemanager.googleapis.com/v1/projects 409
[debug] [2023-04-10T21:59:09.748Z] <<< [apiv2][body] POST https://cloudresourcemanager.googleapis.com/v1/projects {"error":{"code":409,"message":"Requested entity already exists","status":"ALREADY_EXISTS"}}
[debug] [2023-04-10T21:59:09.907Z] FirebaseError: HTTP Error: 409, Requested entity already exists
    at responseToError (C:\Users\mathe\AppData\Roaming\npm\node_modules\firebase-tools\lib\responseToError.js:49:12)
    at RetryOperation._fn (C:\Users\mathe\AppData\Roaming\npm\node_modules\firebase-tools\lib\apiv2.js:288:77)
    at process.processTicksAndRejections (node:internal/process/task_queues:95:5)
[error] 
[error] Error: Failed to create project because there is already a project with ID formulario. Please try again with a unique project ID.
[debug] [2023-04-10T22:01:04.841Z] ----------------------------------------------------------------------
[debug] [2023-04-10T22:01:04.844Z] Command:       C:\Program Files\nodejs\node.exe C:\Users\mathe\AppData\Roaming\npm\node_modules\firebase-tools\lib\bin\firebase.js projects:create formularioo --json
[debug] [2023-04-10T22:01:04.844Z] CLI Version:   11.25.3
[debug] [2023-04-10T22:01:04.845Z] Platform:      win32
[debug] [2023-04-10T22:01:04.845Z] Node Version:  v18.15.0
[debug] [2023-04-10T22:01:04.846Z] Time:          Mon Apr 10 2023 19:01:04 GMT-0300 (Horário Padrão de Brasília)
[debug] [2023-04-10T22:01:04.847Z] ----------------------------------------------------------------------
[debug] 
[debug] [2023-04-10T22:01:04.860Z] > command requires scopes: ["email","openid","https://www.googleapis.com/auth/cloudplatformprojects.readonly","https://www.googleapis.com/auth/firebase","https://www.googleapis.com/auth/cloud-platform"]
[debug] [2023-04-10T22:01:04.860Z] > authorizing via signed-in user (matheusaraujo8892@gmail.com)
[debug] [2023-04-10T22:01:04.869Z] >>> [apiv2][query] POST https://cloudresourcemanager.googleapis.com/v1/projects [none]
[debug] [2023-04-10T22:01:04.870Z] >>> [apiv2][body] POST https://cloudresourcemanager.googleapis.com/v1/projects {"projectId":"formularioo","name":"formularioo"}
[debug] [2023-04-10T22:01:05.882Z] <<< [apiv2][status] POST https://cloudresourcemanager.googleapis.com/v1/projects 409
[debug] [2023-04-10T22:01:05.882Z] <<< [apiv2][body] POST https://cloudresourcemanager.googleapis.com/v1/projects {"error":{"code":409,"message":"Requested entity already exists","status":"ALREADY_EXISTS"}}
[debug] [2023-04-10T22:01:06.043Z] FirebaseError: HTTP Error: 409, Requested entity already exists
    at responseToError (C:\Users\mathe\AppData\Roaming\npm\node_modules\firebase-tools\lib\responseToError.js:49:12)
    at RetryOperation._fn (C:\Users\mathe\AppData\Roaming\npm\node_modules\firebase-tools\lib\apiv2.js:288:77)
    at process.processTicksAndRejections (node:internal/process/task_queues:95:5)
[error] 
[error] Error: Failed to create project because there is already a project with ID formularioo. Please try again with a unique project ID.
